E, [2019-11-26T14:54:11.547657 #2940] ERROR -- Kitchen: ------Exception-------
E, [2019-11-26T14:54:11.547899 #2940] ERROR -- Kitchen: Class: Kitchen::UserError
E, [2019-11-26T14:54:11.548092 #2940] ERROR -- Kitchen: Message: Kitchen YAML file /vagrant/nixos/packages/rubyPackages/kitchen.yml does not exist.
E, [2019-11-26T14:54:11.548196 #2940] ERROR -- Kitchen: ----------------------
E, [2019-11-26T14:54:11.548301 #2940] ERROR -- Kitchen: ------Backtrace-------
E, [2019-11-26T14:54:11.548392 #2940] ERROR -- Kitchen: /nix/store/a7ilq37aazsrs3nm9mzf00vjrw0x25xh-ruby2.6.5-test-kitchen-2.3.4/lib/ruby/gems/2.6.0/gems/test-kitchen-2.3.4/lib/kitchen/loader/yaml.rb:65:in `read'
E, [2019-11-26T14:54:11.548501 #2940] ERROR -- Kitchen: /nix/store/a7ilq37aazsrs3nm9mzf00vjrw0x25xh-ruby2.6.5-test-kitchen-2.3.4/lib/ruby/gems/2.6.0/gems/test-kitchen-2.3.4/lib/kitchen/config.rb:154:in `data'
E, [2019-11-26T14:54:11.548596 #2940] ERROR -- Kitchen: /nix/store/a7ilq37aazsrs3nm9mzf00vjrw0x25xh-ruby2.6.5-test-kitchen-2.3.4/lib/ruby/gems/2.6.0/gems/test-kitchen-2.3.4/lib/kitchen/config.rb:132:in `suites'
E, [2019-11-26T14:54:11.548691 #2940] ERROR -- Kitchen: /nix/store/a7ilq37aazsrs3nm9mzf00vjrw0x25xh-ruby2.6.5-test-kitchen-2.3.4/lib/ruby/gems/2.6.0/gems/test-kitchen-2.3.4/lib/kitchen/config.rb:184:in `filter_instances'
E, [2019-11-26T14:54:11.548788 #2940] ERROR -- Kitchen: /nix/store/a7ilq37aazsrs3nm9mzf00vjrw0x25xh-ruby2.6.5-test-kitchen-2.3.4/lib/ruby/gems/2.6.0/gems/test-kitchen-2.3.4/lib/kitchen/config.rb:143:in `build_instances'
E, [2019-11-26T14:54:11.548904 #2940] ERROR -- Kitchen: /nix/store/a7ilq37aazsrs3nm9mzf00vjrw0x25xh-ruby2.6.5-test-kitchen-2.3.4/lib/ruby/gems/2.6.0/gems/test-kitchen-2.3.4/lib/kitchen/config.rb:117:in `instances'
E, [2019-11-26T14:54:11.548996 #2940] ERROR -- Kitchen: /nix/store/a7ilq37aazsrs3nm9mzf00vjrw0x25xh-ruby2.6.5-test-kitchen-2.3.4/lib/ruby/gems/2.6.0/gems/test-kitchen-2.3.4/lib/kitchen/command.rb:112:in `filtered_instances'
E, [2019-11-26T14:54:11.549085 #2940] ERROR -- Kitchen: /nix/store/a7ilq37aazsrs3nm9mzf00vjrw0x25xh-ruby2.6.5-test-kitchen-2.3.4/lib/ruby/gems/2.6.0/gems/test-kitchen-2.3.4/lib/kitchen/command.rb:142:in `parse_subcommand'
E, [2019-11-26T14:54:11.549181 #2940] ERROR -- Kitchen: /nix/store/a7ilq37aazsrs3nm9mzf00vjrw0x25xh-ruby2.6.5-test-kitchen-2.3.4/lib/ruby/gems/2.6.0/gems/test-kitchen-2.3.4/lib/kitchen/command/exec.rb:29:in `call'
E, [2019-11-26T14:54:11.549431 #2940] ERROR -- Kitchen: /nix/store/a7ilq37aazsrs3nm9mzf00vjrw0x25xh-ruby2.6.5-test-kitchen-2.3.4/lib/ruby/gems/2.6.0/gems/test-kitchen-2.3.4/lib/kitchen/cli.rb:52:in `perform'
E, [2019-11-26T14:54:11.549545 #2940] ERROR -- Kitchen: /nix/store/a7ilq37aazsrs3nm9mzf00vjrw0x25xh-ruby2.6.5-test-kitchen-2.3.4/lib/ruby/gems/2.6.0/gems/test-kitchen-2.3.4/lib/kitchen/cli.rb:285:in `exec'
E, [2019-11-26T14:54:11.549741 #2940] ERROR -- Kitchen: /nix/store/cfn5z727394pknsinfyfg3x0wc98lgh6-ruby2.6.5-thor-0.20.3/lib/ruby/gems/2.6.0/gems/thor-0.20.3/lib/thor/command.rb:27:in `run'
E, [2019-11-26T14:54:11.563354 #2940] ERROR -- Kitchen: /nix/store/cfn5z727394pknsinfyfg3x0wc98lgh6-ruby2.6.5-thor-0.20.3/lib/ruby/gems/2.6.0/gems/thor-0.20.3/lib/thor/invocation.rb:126:in `invoke_command'
E, [2019-11-26T14:54:11.563564 #2940] ERROR -- Kitchen: /nix/store/cfn5z727394pknsinfyfg3x0wc98lgh6-ruby2.6.5-thor-0.20.3/lib/ruby/gems/2.6.0/gems/thor-0.20.3/lib/thor.rb:387:in `dispatch'
E, [2019-11-26T14:54:11.563708 #2940] ERROR -- Kitchen: /nix/store/cfn5z727394pknsinfyfg3x0wc98lgh6-ruby2.6.5-thor-0.20.3/lib/ruby/gems/2.6.0/gems/thor-0.20.3/lib/thor/base.rb:466:in `start'
E, [2019-11-26T14:54:11.563826 #2940] ERROR -- Kitchen: /nix/store/yrskfmxll4ffzq0p4aj6wxmjx6nygail-ruby-gems/lib/ruby/gems/2.6.0/gems/test-kitchen-2.3.4/bin/kitchen:13:in `block in <top (required)>'
E, [2019-11-26T14:54:11.563931 #2940] ERROR -- Kitchen: /nix/store/a7ilq37aazsrs3nm9mzf00vjrw0x25xh-ruby2.6.5-test-kitchen-2.3.4/lib/ruby/gems/2.6.0/gems/test-kitchen-2.3.4/lib/kitchen/errors.rb:171:in `with_friendly_errors'
E, [2019-11-26T14:54:11.564064 #2940] ERROR -- Kitchen: /nix/store/yrskfmxll4ffzq0p4aj6wxmjx6nygail-ruby-gems/lib/ruby/gems/2.6.0/gems/test-kitchen-2.3.4/bin/kitchen:13:in `<top (required)>'
E, [2019-11-26T14:54:11.564212 #2940] ERROR -- Kitchen: /nix/store/yrskfmxll4ffzq0p4aj6wxmjx6nygail-ruby-gems/bin/kitchen:18:in `load'
E, [2019-11-26T14:54:11.564334 #2940] ERROR -- Kitchen: /nix/store/yrskfmxll4ffzq0p4aj6wxmjx6nygail-ruby-gems/bin/kitchen:18:in `<main>'
E, [2019-11-26T14:54:11.564415 #2940] ERROR -- Kitchen: ----End Backtrace-----
